# JRE version: OpenJDK Runtime Environment (15.0.2+7) (build 15.0.2+7-27)
# Java VM: OpenJDK 64-Bit Server VM (15.0.2+7-27, mixed mode, tiered, compressed oops, g1 gc, windows-amd64)
GC Precious Log:
 CPUs: 4 total, 4 available
 Memory: 8090M
 Large Page Support: Disabled
 NUMA Support: Disabled
 Compressed Oops: Enabled (32-bit)
 Heap Region Size: 1M
 Heap Min Capacity: 8M
 Heap Initial Capacity: 128M
 Heap Max Capacity: 2024M
 Pre-touch: Disabled
 Parallel Workers: 4
 Concurrent Workers: 1
 Concurrent Refinement Workers: 4
 Periodic GC: Disabled
Heap:
 garbage-first heap   total 101376K, used 39584K [0x0000000081800000, 0x0000000100000000)
  region size 1024K, 1 young (1024K), 1 survivors (1024K)
 Metaspace       used 84342K, capacity 84953K, committed 85168K, reserved 1124352K
  class space    used 9435K, capacity 9627K, committed 9728K, reserved 1048576K
GC Heap History (20 events):
Event: 65.867 GC heap after
{Heap after GC invocations=95 (full 0):
 garbage-first heap   total 68608K, used 36079K [0x0000000081800000, 0x0000000100000000)
  region size 1024K, 3 young (3072K), 3 survivors (3072K)
 Metaspace       used 79794K, capacity 80338K, committed 80560K, reserved 1120256K
  class space    used 8939K, capacity 9106K, committed 9216K, reserved 1048576K
}
Event: 66.387 GC heap before
{Heap before GC invocations=95 (full 0):
 garbage-first heap   total 68608K, used 56559K [0x0000000081800000, 0x0000000100000000)
  region size 1024K, 23 young (23552K), 3 survivors (3072K)
 Metaspace       used 80127K, capacity 80718K, committed 80816K, reserved 1120256K
  class space    used 8979K, capacity 9146K, committed 9216K, reserved 1048576K
}
Event: 66.391 GC heap after
{Heap after GC invocations=96 (full 0):
 garbage-first heap   total 68608K, used 36485K [0x0000000081800000, 0x0000000100000000)
  region size 1024K, 2 young (2048K), 2 survivors (2048K)
 Metaspace       used 80127K, capacity 80718K, committed 80816K, reserved 1120256K
  class space    used 8979K, capacity 9146K, committed 9216K, reserved 1048576K
}
Event: 66.968 GC heap before
{Heap before GC invocations=97 (full 0):
 garbage-first heap   total 68608K, used 55941K [0x0000000081800000, 0x0000000100000000)
  region size 1024K, 21 young (21504K), 2 survivors (2048K)
 Metaspace       used 80603K, capacity 81181K, committed 81328K, reserved 1122304K
  class space    used 9038K, capacity 9213K, committed 9216K, reserved 1048576K
}
Event: 66.972 GC heap after
{Heap after GC invocations=98 (full 0):
 garbage-first heap   total 68608K, used 37673K [0x0000000081800000, 0x0000000100000000)
  region size 1024K, 3 young (3072K), 3 survivors (3072K)
 Metaspace       used 80603K, capacity 81181K, committed 81328K, reserved 1122304K
  class space    used 9038K, capacity 9213K, committed 9216K, reserved 1048576K
}
Event: 67.666 GC heap before
{Heap before GC invocations=98 (full 0):
 garbage-first heap   total 68608K, used 56105K [0x0000000081800000, 0x0000000100000000)
  region size 1024K, 21 young (21504K), 3 survivors (3072K)
 Metaspace       used 80724K, capacity 81258K, committed 81328K, reserved 1122304K
  class space    used 9042K, capacity 9215K, committed 9216K, reserved 1048576K
}
Event: 67.671 GC heap after
{Heap after GC invocations=99 (full 0):
 garbage-first heap   total 68608K, used 38894K [0x0000000081800000, 0x0000000100000000)
  region size 1024K, 3 young (3072K), 3 survivors (3072K)
 Metaspace       used 80724K, capacity 81258K, committed 81328K, reserved 1122304K
  class space    used 9042K, capacity 9215K, committed 9216K, reserved 1048576K
}
Event: 68.582 GC heap before
{Heap before GC invocations=100 (full 0):
 garbage-first heap   total 70656K, used 56302K [0x0000000081800000, 0x0000000100000000)
  region size 1024K, 20 young (20480K), 3 survivors (3072K)
 Metaspace       used 80775K, capacity 81331K, committed 81712K, reserved 1122304K
  class space    used 9043K, capacity 9218K, committed 9344K, reserved 1048576K
}
Event: 68.589 GC heap after
{Heap after GC invocations=101 (full 0):
 garbage-first heap   total 70656K, used 40353K [0x0000000081800000, 0x0000000100000000)
  region size 1024K, 3 young (3072K), 3 survivors (3072K)
 Metaspace       used 80775K, capacity 81331K, committed 81712K, reserved 1122304K
  class space    used 9043K, capacity 9218K, committed 9344K, reserved 1048576K
}
Event: 69.090 GC heap before
{Heap before GC invocations=101 (full 0):
 garbage-first heap   total 70656K, used 58785K [0x0000000081800000, 0x0000000100000000)
  region size 1024K, 21 young (21504K), 3 survivors (3072K)
 Metaspace       used 80821K, capacity 81404K, committed 81712K, reserved 1122304K
  class space    used 9045K, capacity 9220K, committed 9344K, reserved 1048576K
}
Event: 69.096 GC heap after
{Heap after GC invocations=102 (full 0):
 garbage-first heap   total 70656K, used 41874K [0x0000000081800000, 0x0000000100000000)
  region size 1024K, 3 young (3072K), 3 survivors (3072K)
 Metaspace       used 80821K, capacity 81404K, committed 81712K, reserved 1122304K
  class space    used 9045K, capacity 9220K, committed 9344K, reserved 1048576K
}
Event: 69.620 GC heap before
{Heap before GC invocations=103 (full 0):
 garbage-first heap   total 76800K, used 58258K [0x0000000081800000, 0x0000000100000000)
  region size 1024K, 19 young (19456K), 3 survivors (3072K)
 Metaspace       used 80856K, capacity 81471K, committed 81712K, reserved 1122304K
  class space    used 9045K, capacity 9221K, committed 9344K, reserved 1048576K
}
Event: 69.627 GC heap after
{Heap after GC invocations=104 (full 0):
 garbage-first heap   total 76800K, used 43508K [0x0000000081800000, 0x0000000100000000)
  region size 1024K, 2 young (2048K), 2 survivors (2048K)
 Metaspace       used 80856K, capacity 81471K, committed 81712K, reserved 1122304K
  class space    used 9045K, capacity 9221K, committed 9344K, reserved 1048576K
}
Event: 70.510 GC heap before
{Heap before GC invocations=104 (full 0):
 garbage-first heap   total 76800K, used 62964K [0x0000000081800000, 0x0000000100000000)
  region size 1024K, 21 young (21504K), 2 survivors (2048K)
 Metaspace       used 81395K, capacity 82007K, committed 82224K, reserved 1122304K
  class space    used 9112K, capacity 9291K, committed 9344K, reserved 1048576K
}
Event: 70.515 GC heap after
{Heap after GC invocations=105 (full 0):
 garbage-first heap   total 76800K, used 43689K [0x0000000081800000, 0x0000000100000000)
  region size 1024K, 2 young (2048K), 2 survivors (2048K)
 Metaspace       used 81395K, capacity 82007K, committed 82224K, reserved 1122304K
  class space    used 9112K, capacity 9291K, committed 9344K, reserved 1048576K
}
Event: 70.949 GC heap before
{Heap before GC invocations=106 (full 0):
 garbage-first heap   total 83968K, used 63145K [0x0000000081800000, 0x0000000100000000)
  region size 1024K, 21 young (21504K), 2 survivors (2048K)
 Metaspace       used 82703K, capacity 83311K, committed 83504K, reserved 1124352K
  class space    used 9274K, capacity 9489K, committed 9600K, reserved 1048576K
}
Event: 70.956 GC heap after
{Heap after GC invocations=107 (full 0):
 garbage-first heap   total 83968K, used 43509K [0x0000000081800000, 0x0000000100000000)
  region size 1024K, 2 young (2048K), 2 survivors (2048K)
 Metaspace       used 82703K, capacity 83311K, committed 83504K, reserved 1124352K
  class space    used 9274K, capacity 9489K, committed 9600K, reserved 1048576K
}
Event: 71.019 GC heap before
{Heap before GC invocations=107 (full 0):
 garbage-first heap   total 83968K, used 45557K [0x0000000081800000, 0x0000000100000000)
  region size 1024K, 4 young (4096K), 2 survivors (2048K)
 Metaspace       used 82808K, capacity 83439K, committed 83760K, reserved 1124352K
  class space    used 9283K, capacity 9489K, committed 9600K, reserved 1048576K
}
Event: 71.030 GC heap after
{Heap after GC invocations=108 (full 0):
 garbage-first heap   total 83968K, used 39100K [0x0000000081800000, 0x0000000100000000)
  region size 1024K, 1 young (1024K), 1 survivors (1024K)
 Metaspace       used 82808K, capacity 83439K, committed 83760K, reserved 1124352K
  class space    used 9283K, capacity 9489K, committed 9600K, reserved 1048576K
}
Event: 71.515 GC heap before
{Heap before GC invocations=108 (full 0):
 garbage-first heap   total 83968K, used 68796K [0x0000000081800000, 0x0000000100000000)
  region size 1024K, 30 young (30720K), 1 survivors (1024K)
 Metaspace       used 84342K, capacity 84953K, committed 85168K, reserved 1124352K
  class space    used 9435K, capacity 9627K, committed 9728K, reserved 1048576K
}

