# JRE version: OpenJDK Runtime Environment (15.0.2+7) (build 15.0.2+7-27)
# Java VM: OpenJDK 64-Bit Server VM (15.0.2+7-27, mixed mode, tiered, compressed oops, g1 gc, windows-amd64)
GC Precious Log:
 CPUs: 4 total, 4 available
 Memory: 8090M
 Large Page Support: Disabled
 NUMA Support: Disabled
 Compressed Oops: Enabled (32-bit)
 Heap Region Size: 1M
 Heap Min Capacity: 8M
 Heap Initial Capacity: 128M
 Heap Max Capacity: 2024M
 Pre-touch: Disabled
 Parallel Workers: 4
 Concurrent Workers: 1
 Concurrent Refinement Workers: 4
 Periodic GC: Disabled
Heap:
 garbage-first heap   total 43008K, used 23338K [0x0000000081800000, 0x0000000100000000)
  region size 1024K, 3 young (3072K), 2 survivors (2048K)
 Metaspace       used 55337K, capacity 55795K, committed 55980K, reserved 1097728K
  class space    used 6904K, capacity 7059K, committed 7168K, reserved 1048576K
GC Heap History (20 events):
Event: 14.870 GC heap before
{Heap before GC invocations=12 (full 0):
 garbage-first heap   total 40960K, used 30699K [0x0000000081800000, 0x0000000100000000)
  region size 1024K, 18 young (18432K), 2 survivors (2048K)
 Metaspace       used 33017K, capacity 33368K, committed 33664K, reserved 1079296K
  class space    used 3774K, capacity 3871K, committed 3968K, reserved 1048576K
}
Event: 14.874 GC heap after
{Heap after GC invocations=13 (full 0):
 garbage-first heap   total 40960K, used 16429K [0x0000000081800000, 0x0000000100000000)
  region size 1024K, 3 young (3072K), 3 survivors (3072K)
 Metaspace       used 33017K, capacity 33368K, committed 33664K, reserved 1079296K
  class space    used 3774K, capacity 3871K, committed 3968K, reserved 1048576K
}
Event: 15.578 GC heap before
{Heap before GC invocations=13 (full 0):
 garbage-first heap   total 40960K, used 26669K [0x0000000081800000, 0x0000000100000000)
  region size 1024K, 14 young (14336K), 3 survivors (3072K)
 Metaspace       used 35119K, capacity 35488K, committed 35628K, reserved 1081344K
  class space    used 4030K, capacity 4140K, committed 4224K, reserved 1048576K
}
Event: 15.584 GC heap after
{Heap after GC invocations=14 (full 0):
 garbage-first heap   total 40960K, used 17347K [0x0000000081800000, 0x0000000100000000)
  region size 1024K, 3 young (3072K), 3 survivors (3072K)
 Metaspace       used 35119K, capacity 35488K, committed 35628K, reserved 1081344K
  class space    used 4030K, capacity 4140K, committed 4224K, reserved 1048576K
}
Event: 16.476 GC heap before
{Heap before GC invocations=15 (full 0):
 garbage-first heap   total 40960K, used 29635K [0x0000000081800000, 0x0000000100000000)
  region size 1024K, 16 young (16384K), 3 survivors (3072K)
 Metaspace       used 38270K, capacity 38745K, committed 38956K, reserved 1083392K
  class space    used 4607K, capacity 4728K, committed 4736K, reserved 1048576K
}
Event: 16.480 GC heap after
{Heap after GC invocations=16 (full 0):
 garbage-first heap   total 40960K, used 17987K [0x0000000081800000, 0x0000000100000000)
  region size 1024K, 2 young (2048K), 2 survivors (2048K)
 Metaspace       used 38270K, capacity 38745K, committed 38956K, reserved 1083392K
  class space    used 4607K, capacity 4728K, committed 4736K, reserved 1048576K
}
Event: 17.392 GC heap before
{Heap before GC invocations=16 (full 0):
 garbage-first heap   total 40960K, used 32323K [0x0000000081800000, 0x0000000100000000)
  region size 1024K, 16 young (16384K), 2 survivors (2048K)
 Metaspace       used 40453K, capacity 40875K, committed 41132K, reserved 1085440K
  class space    used 5001K, capacity 5117K, committed 5120K, reserved 1048576K
}
Event: 17.397 GC heap after
{Heap after GC invocations=17 (full 0):
 garbage-first heap   total 40960K, used 18856K [0x0000000081800000, 0x0000000100000000)
  region size 1024K, 2 young (2048K), 2 survivors (2048K)
 Metaspace       used 40453K, capacity 40875K, committed 41132K, reserved 1085440K
  class space    used 5001K, capacity 5117K, committed 5120K, reserved 1048576K
}
Event: 17.991 GC heap before
{Heap before GC invocations=17 (full 0):
 garbage-first heap   total 40960K, used 32168K [0x0000000081800000, 0x0000000100000000)
  region size 1024K, 15 young (15360K), 2 survivors (2048K)
 Metaspace       used 41607K, capacity 42060K, committed 42156K, reserved 1085440K
  class space    used 5161K, capacity 5320K, committed 5376K, reserved 1048576K
}
Event: 17.998 GC heap after
{Heap after GC invocations=18 (full 0):
 garbage-first heap   total 40960K, used 20049K [0x0000000081800000, 0x0000000100000000)
  region size 1024K, 2 young (2048K), 2 survivors (2048K)
 Metaspace       used 41607K, capacity 42060K, committed 42156K, reserved 1085440K
  class space    used 5161K, capacity 5320K, committed 5376K, reserved 1048576K
}
Event: 19.223 GC heap before
{Heap before GC invocations=18 (full 0):
 garbage-first heap   total 40960K, used 32337K [0x0000000081800000, 0x0000000100000000)
  region size 1024K, 15 young (15360K), 2 survivors (2048K)
 Metaspace       used 45553K, capacity 46034K, committed 46252K, reserved 1089536K
  class space    used 5601K, capacity 5769K, committed 5888K, reserved 1048576K
}
Event: 19.229 GC heap after
{Heap after GC invocations=19 (full 0):
 garbage-first heap   total 40960K, used 21537K [0x0000000081800000, 0x0000000100000000)
  region size 1024K, 2 young (2048K), 2 survivors (2048K)
 Metaspace       used 45553K, capacity 46034K, committed 46252K, reserved 1089536K
  class space    used 5601K, capacity 5769K, committed 5888K, reserved 1048576K
}
Event: 20.199 GC heap before
{Heap before GC invocations=19 (full 0):
 garbage-first heap   total 40960K, used 31777K [0x0000000081800000, 0x0000000100000000)
  region size 1024K, 13 young (13312K), 2 survivors (2048K)
 Metaspace       used 47955K, capacity 48397K, committed 48428K, reserved 1091584K
  class space    used 5865K, capacity 5998K, committed 6016K, reserved 1048576K
}
Event: 20.202 GC heap after
{Heap after GC invocations=20 (full 0):
 garbage-first heap   total 40960K, used 21993K [0x0000000081800000, 0x0000000100000000)
  region size 1024K, 1 young (1024K), 1 survivors (1024K)
 Metaspace       used 47955K, capacity 48397K, committed 48428K, reserved 1091584K
  class space    used 5865K, capacity 5998K, committed 6016K, reserved 1048576K
}
Event: 21.953 GC heap before
{Heap before GC invocations=21 (full 0):
 garbage-first heap   total 40960K, used 31209K [0x0000000081800000, 0x0000000100000000)
  region size 1024K, 11 young (11264K), 1 survivors (1024K)
 Metaspace       used 50182K, capacity 50602K, committed 50732K, reserved 1093632K
  class space    used 6273K, capacity 6417K, committed 6528K, reserved 1048576K
}
Event: 21.957 GC heap after
{Heap after GC invocations=22 (full 0):
 garbage-first heap   total 40960K, used 22468K [0x0000000081800000, 0x0000000100000000)
  region size 1024K, 2 young (2048K), 2 survivors (2048K)
 Metaspace       used 50182K, capacity 50602K, committed 50732K, reserved 1093632K
  class space    used 6273K, capacity 6417K, committed 6528K, reserved 1048576K
}
Event: 22.478 GC heap before
{Heap before GC invocations=22 (full 0):
 garbage-first heap   total 40960K, used 32708K [0x0000000081800000, 0x0000000100000000)
  region size 1024K, 12 young (12288K), 2 survivors (2048K)
 Metaspace       used 52908K, capacity 53354K, committed 53548K, reserved 1095680K
  class space    used 6595K, capacity 6737K, committed 6784K, reserved 1048576K
}
Event: 22.481 GC heap after
{Heap after GC invocations=23 (full 0):
 garbage-first heap   total 40960K, used 22948K [0x0000000081800000, 0x0000000100000000)
  region size 1024K, 1 young (1024K), 1 survivors (1024K)
 Metaspace       used 52908K, capacity 53354K, committed 53548K, reserved 1095680K
  class space    used 6595K, capacity 6737K, committed 6784K, reserved 1048576K
}
Event: 22.908 GC heap before
{Heap before GC invocations=24 (full 0):
 garbage-first heap   total 43008K, used 32164K [0x0000000081800000, 0x0000000100000000)
  region size 1024K, 11 young (11264K), 1 survivors (1024K)
 Metaspace       used 55266K, capacity 55731K, committed 55980K, reserved 1097728K
  class space    used 6896K, capacity 7059K, committed 7168K, reserved 1048576K
}
Event: 22.910 GC heap after
{Heap after GC invocations=25 (full 0):
 garbage-first heap   total 43008K, used 23338K [0x0000000081800000, 0x0000000100000000)
  region size 1024K, 2 young (2048K), 2 survivors (2048K)
 Metaspace       used 55266K, capacity 55731K, committed 55980K, reserved 1097728K
  class space    used 6896K, capacity 7059K, committed 7168K, reserved 1048576K
}

